perl: warning: Setting locale failed.
perl: warning: Please check that your locale settings:
	LANGUAGE = (unset),
	LC_ALL = (unset),
	LANG = "C.UTF-8"
    are supported and installed on your system.
perl: warning: Falling back to the standard locale ("C").
During startup - Warning messages:
1: Setting LC_CTYPE failed, using "C" 
2: Setting LC_COLLATE failed, using "C" 
3: Setting LC_TIME failed, using "C" 
4: Setting LC_MESSAGES failed, using "C" 
5: Setting LC_MONETARY failed, using "C" 
6: Setting LC_PAPER failed, using "C" 
7: Setting LC_MEASUREMENT failed, using "C" 
Parsed with column specification:
cols(
  .default = col_double(),
  idx = col_character()
)
See spec(...) for full column specifications.
[1] "Data/Random-Data-Set/Transcriptomics-100/train_transcriptomics_random1.csv"
[1] 1
[1] "Data/Random-Data-Set/Transcriptomics-100/train_transcriptomics_random2.csv"
[1] 2
[1] "Data/Random-Data-Set/Transcriptomics-100/train_transcriptomics_random3.csv"
[1] 3
[1] "Data/Random-Data-Set/Transcriptomics-100/train_transcriptomics_random4.csv"
[1] 4
[1] "Data/Random-Data-Set/Transcriptomics-100/train_transcriptomics_random5.csv"
[1] 5
[1] "Data/Random-Data-Set/Transcriptomics-100/train_transcriptomics_random6.csv"
[1] 6
[1] "Data/Random-Data-Set/Transcriptomics-100/train_transcriptomics_random7.csv"
[1] 7
[1] "Data/Random-Data-Set/Transcriptomics-100/train_transcriptomics_random8.csv"
[1] 8
[1] "Data/Random-Data-Set/Transcriptomics-100/train_transcriptomics_random9.csv"
[1] 9
[1] "Data/Random-Data-Set/Transcriptomics-100/train_transcriptomics_random10.csv"
[1] 10
[1] "Data/Random-Data-Set/Transcriptomics-100/train_transcriptomics_random11.csv"
[1] 11
[1] "Data/Random-Data-Set/Transcriptomics-100/train_transcriptomics_random12.csv"
[1] 12
[1] "Data/Random-Data-Set/Transcriptomics-100/train_transcriptomics_random13.csv"
[1] 13
[1] "Data/Random-Data-Set/Transcriptomics-100/train_transcriptomics_random14.csv"
[1] 14
[1] "Data/Random-Data-Set/Transcriptomics-100/train_transcriptomics_random15.csv"
[1] 15
[1] "Data/Random-Data-Set/Transcriptomics-100/train_transcriptomics_random16.csv"
[1] 16
[1] "Data/Random-Data-Set/Transcriptomics-100/train_transcriptomics_random17.csv"
[1] 17
[1] "Data/Random-Data-Set/Transcriptomics-100/train_transcriptomics_random18.csv"
[1] 18
[1] "Data/Random-Data-Set/Transcriptomics-100/train_transcriptomics_random19.csv"
[1] 19
[1] "Data/Random-Data-Set/Transcriptomics-100/train_transcriptomics_random20.csv"
[1] 20
[1] "Data/Random-Data-Set/Transcriptomics-100/train_transcriptomics_random21.csv"
[1] 21
[1] "Data/Random-Data-Set/Transcriptomics-100/train_transcriptomics_random22.csv"
[1] 22
[1] "Data/Random-Data-Set/Transcriptomics-100/train_transcriptomics_random23.csv"
[1] 23
[1] "Data/Random-Data-Set/Transcriptomics-100/train_transcriptomics_random24.csv"
[1] 24
[1] "Data/Random-Data-Set/Transcriptomics-100/train_transcriptomics_random25.csv"
[1] 25
[1] "Data/Random-Data-Set/Transcriptomics-100/train_transcriptomics_random26.csv"
[1] 26
[1] "Data/Random-Data-Set/Transcriptomics-100/train_transcriptomics_random27.csv"
[1] 27
[1] "Data/Random-Data-Set/Transcriptomics-100/train_transcriptomics_random28.csv"
[1] 28
[1] "Data/Random-Data-Set/Transcriptomics-100/train_transcriptomics_random29.csv"
[1] 29
[1] "Data/Random-Data-Set/Transcriptomics-100/train_transcriptomics_random30.csv"
[1] 30
[1] "Data/Random-Data-Set/Transcriptomics-100/train_transcriptomics_random31.csv"
[1] 31
[1] "Data/Random-Data-Set/Transcriptomics-100/train_transcriptomics_random32.csv"
[1] 32
[1] "Data/Random-Data-Set/Transcriptomics-100/train_transcriptomics_random33.csv"
[1] 33
[1] "Data/Random-Data-Set/Transcriptomics-100/train_transcriptomics_random34.csv"
[1] 34
[1] "Data/Random-Data-Set/Transcriptomics-100/train_transcriptomics_random35.csv"
[1] 35
[1] "Data/Random-Data-Set/Transcriptomics-100/train_transcriptomics_random36.csv"
[1] 36
[1] "Data/Random-Data-Set/Transcriptomics-100/train_transcriptomics_random37.csv"
[1] 37
[1] "Data/Random-Data-Set/Transcriptomics-100/train_transcriptomics_random38.csv"
[1] 38
[1] "Data/Random-Data-Set/Transcriptomics-100/train_transcriptomics_random39.csv"
[1] 39
[1] "Data/Random-Data-Set/Transcriptomics-100/train_transcriptomics_random40.csv"
[1] 40
[1] "Data/Random-Data-Set/Transcriptomics-100/train_transcriptomics_random41.csv"
[1] 41
[1] "Data/Random-Data-Set/Transcriptomics-100/train_transcriptomics_random42.csv"
[1] 42
[1] "Data/Random-Data-Set/Transcriptomics-100/train_transcriptomics_random43.csv"
[1] 43
[1] "Data/Random-Data-Set/Transcriptomics-100/train_transcriptomics_random44.csv"
[1] 44
[1] "Data/Random-Data-Set/Transcriptomics-100/train_transcriptomics_random45.csv"
[1] 45
[1] "Data/Random-Data-Set/Transcriptomics-100/train_transcriptomics_random46.csv"
[1] 46
[1] "Data/Random-Data-Set/Transcriptomics-100/train_transcriptomics_random47.csv"
[1] 47
[1] "Data/Random-Data-Set/Transcriptomics-100/train_transcriptomics_random48.csv"
[1] 48
[1] "Data/Random-Data-Set/Transcriptomics-100/train_transcriptomics_random49.csv"
[1] 49
[1] "Data/Random-Data-Set/Transcriptomics-100/train_transcriptomics_random50.csv"
[1] 50
[1] "Data/Random-Data-Set/Transcriptomics-100/train_transcriptomics_random51.csv"
[1] 51
[1] "Data/Random-Data-Set/Transcriptomics-100/train_transcriptomics_random52.csv"
[1] 52
[1] "Data/Random-Data-Set/Transcriptomics-100/train_transcriptomics_random53.csv"
[1] 53
[1] "Data/Random-Data-Set/Transcriptomics-100/train_transcriptomics_random54.csv"
[1] 54
[1] "Data/Random-Data-Set/Transcriptomics-100/train_transcriptomics_random55.csv"
[1] 55
[1] "Data/Random-Data-Set/Transcriptomics-100/train_transcriptomics_random56.csv"
[1] 56
[1] "Data/Random-Data-Set/Transcriptomics-100/train_transcriptomics_random57.csv"
[1] 57
[1] "Data/Random-Data-Set/Transcriptomics-100/train_transcriptomics_random58.csv"
[1] 58
[1] "Data/Random-Data-Set/Transcriptomics-100/train_transcriptomics_random59.csv"
[1] 59
[1] "Data/Random-Data-Set/Transcriptomics-100/train_transcriptomics_random60.csv"
[1] 60
[1] "Data/Random-Data-Set/Transcriptomics-100/train_transcriptomics_random61.csv"
[1] 61
[1] "Data/Random-Data-Set/Transcriptomics-100/train_transcriptomics_random62.csv"
[1] 62
[1] "Data/Random-Data-Set/Transcriptomics-100/train_transcriptomics_random63.csv"
[1] 63
[1] "Data/Random-Data-Set/Transcriptomics-100/train_transcriptomics_random64.csv"
[1] 64
[1] "Data/Random-Data-Set/Transcriptomics-100/train_transcriptomics_random65.csv"
[1] 65
[1] "Data/Random-Data-Set/Transcriptomics-100/train_transcriptomics_random66.csv"
[1] 66
[1] "Data/Random-Data-Set/Transcriptomics-100/train_transcriptomics_random67.csv"
[1] 67
[1] "Data/Random-Data-Set/Transcriptomics-100/train_transcriptomics_random68.csv"
[1] 68
[1] "Data/Random-Data-Set/Transcriptomics-100/train_transcriptomics_random69.csv"
[1] 69
[1] "Data/Random-Data-Set/Transcriptomics-100/train_transcriptomics_random70.csv"
[1] 70
[1] "Data/Random-Data-Set/Transcriptomics-100/train_transcriptomics_random71.csv"
[1] 71
[1] "Data/Random-Data-Set/Transcriptomics-100/train_transcriptomics_random72.csv"
[1] 72
[1] "Data/Random-Data-Set/Transcriptomics-100/train_transcriptomics_random73.csv"
[1] 73
[1] "Data/Random-Data-Set/Transcriptomics-100/train_transcriptomics_random74.csv"
[1] 74
[1] "Data/Random-Data-Set/Transcriptomics-100/train_transcriptomics_random75.csv"
[1] 75
[1] "Data/Random-Data-Set/Transcriptomics-100/train_transcriptomics_random76.csv"
[1] 76
[1] "Data/Random-Data-Set/Transcriptomics-100/train_transcriptomics_random77.csv"
[1] 77
[1] "Data/Random-Data-Set/Transcriptomics-100/train_transcriptomics_random78.csv"
[1] 78
[1] "Data/Random-Data-Set/Transcriptomics-100/train_transcriptomics_random79.csv"
[1] 79
[1] "Data/Random-Data-Set/Transcriptomics-100/train_transcriptomics_random80.csv"
[1] 80
[1] "Data/Random-Data-Set/Transcriptomics-100/train_transcriptomics_random81.csv"
[1] 81
[1] "Data/Random-Data-Set/Transcriptomics-100/train_transcriptomics_random82.csv"
[1] 82
[1] "Data/Random-Data-Set/Transcriptomics-100/train_transcriptomics_random83.csv"
[1] 83
[1] "Data/Random-Data-Set/Transcriptomics-100/train_transcriptomics_random84.csv"
[1] 84
[1] "Data/Random-Data-Set/Transcriptomics-100/train_transcriptomics_random85.csv"
[1] 85
[1] "Data/Random-Data-Set/Transcriptomics-100/train_transcriptomics_random86.csv"
[1] 86
[1] "Data/Random-Data-Set/Transcriptomics-100/train_transcriptomics_random87.csv"
[1] 87
[1] "Data/Random-Data-Set/Transcriptomics-100/train_transcriptomics_random88.csv"
[1] 88
[1] "Data/Random-Data-Set/Transcriptomics-100/train_transcriptomics_random89.csv"
[1] 89
[1] "Data/Random-Data-Set/Transcriptomics-100/train_transcriptomics_random90.csv"
[1] 90
[1] "Data/Random-Data-Set/Transcriptomics-100/train_transcriptomics_random91.csv"
[1] 91
[1] "Data/Random-Data-Set/Transcriptomics-100/train_transcriptomics_random92.csv"
[1] 92
[1] "Data/Random-Data-Set/Transcriptomics-100/train_transcriptomics_random93.csv"
[1] 93
[1] "Data/Random-Data-Set/Transcriptomics-100/train_transcriptomics_random94.csv"
[1] 94
[1] "Data/Random-Data-Set/Transcriptomics-100/train_transcriptomics_random95.csv"
[1] 95
[1] "Data/Random-Data-Set/Transcriptomics-100/train_transcriptomics_random96.csv"
[1] 96
[1] "Data/Random-Data-Set/Transcriptomics-100/train_transcriptomics_random97.csv"
[1] 97
[1] "Data/Random-Data-Set/Transcriptomics-100/train_transcriptomics_random98.csv"
[1] 98
[1] "Data/Random-Data-Set/Transcriptomics-100/train_transcriptomics_random99.csv"
[1] 99
[1] "Data/Random-Data-Set/Transcriptomics-100/train_transcriptomics_random100.csv"
[1] 100
Warning message:
`as.tibble()` is deprecated, use `as_tibble()` (but mind the new semantics).
This warning is displayed once per session. 
Parsed with column specification:
cols(
  .default = col_double(),
  idx = col_character()
)
See spec(...) for full column specifications.
[1] 1
[1] 2
[1] 3
[1] 4
[1] 5
[1] 6
[1] 7
[1] 8
[1] 9
[1] 10
[1] 11
[1] 12
[1] 13
[1] 14
[1] 15
[1] 16
[1] 17
[1] 18
[1] 19
[1] 20
[1] 21
[1] 22
[1] 23
[1] 24
[1] 25
[1] 26
[1] 27
[1] 28
[1] 29
[1] 30
[1] 31
[1] 32
[1] 33
[1] 34
[1] 35
[1] 36
[1] 37
[1] 38
[1] 39
[1] 40
[1] 41
[1] 42
[1] 43
[1] 44
[1] 45
[1] 46
[1] 47
[1] 48
[1] 49
[1] 50
[1] 51
[1] 52
[1] 53
[1] 54
[1] 55
[1] 56
[1] 57
[1] 58
[1] 59
[1] 60
[1] 61
[1] 62
[1] 63
[1] 64
[1] 65
[1] 66
[1] 67
[1] 68
[1] 69
[1] 70
[1] 71
[1] 72
[1] 73
[1] 74
[1] 75
[1] 76
[1] 77
[1] 78
[1] 79
[1] 80
[1] 81
[1] 82
[1] 83
[1] 84
[1] 85
[1] 86
[1] 87
[1] 88
[1] 89
[1] 90
[1] 91
[1] 92
[1] 93
[1] 94
[1] 95
[1] 96
[1] 97
[1] 98
[1] 99
[1] 100
