perl: warning: Setting locale failed.
perl: warning: Please check that your locale settings:
	LANGUAGE = (unset),
	LC_ALL = (unset),
	LANG = "C.UTF-8"
    are supported and installed on your system.
perl: warning: Falling back to the standard locale ("C").
During startup - Warning messages:
1: Setting LC_CTYPE failed, using "C" 
2: Setting LC_COLLATE failed, using "C" 
3: Setting LC_TIME failed, using "C" 
4: Setting LC_MESSAGES failed, using "C" 
5: Setting LC_MONETARY failed, using "C" 
6: Setting LC_PAPER failed, using "C" 
7: Setting LC_MEASUREMENT failed, using "C" 
Loading required package: cluster
Loading required package: survival
Loading required package: randomForest
randomForest 4.6-14
Type rfNews() to see new features/changes/bug fixes.

Attaching package: 'randomForest'

The following object is masked from 'package:ggplot2':

    margin

Loading required package: foreach
Loading required package: itertools
Loading required package: iterators
Loading required package: Matrix
Loaded glmnet 2.0-16

Parsed with column specification:
cols(
  .default = col_double(),
  idx = col_character()
)
See spec(...) for full column specifications.
Warning message:
`as.tibble()` is deprecated, use `as_tibble()` (but mind the new semantics).
This warning is displayed once per session. 
[1] "Method 1/7 complete"
[1] "Method 2/7 complete"
[1] "Method 3/7 complete"
[1] "Method 4/7 complete"
During startup - Warning messages:
1: Setting LC_CTYPE failed, using "C" 
2: Setting LC_COLLATE failed, using "C" 
3: Setting LC_TIME failed, using "C" 
4: Setting LC_MESSAGES failed, using "C" 
5: Setting LC_MONETARY failed, using "C" 
6: Setting LC_PAPER failed, using "C" 
7: Setting LC_MEASUREMENT failed, using "C" 
[1] "Method 5/7 complete"
slurmstepd: error: *** JOB 27850698 ON m8-20-14 CANCELLED AT 2019-01-08T13:57:35 DUE TO TIME LIMIT ***
