perl: warning: Setting locale failed.
perl: warning: Please check that your locale settings:
	LANGUAGE = (unset),
	LC_ALL = (unset),
	LANG = "C.UTF-8"
    are supported and installed on your system.
perl: warning: Falling back to the standard locale ("C").
Requirement already satisfied: pandas==0.23.0 in /zhome/mbrad94/.local/lib/python3.6/site-packages
Requirement already satisfied: python-dateutil>=2.5.0 in /zapps/anaconda/3/4.3.1/lib/python3.6/site-packages (from pandas==0.23.0)
Requirement already satisfied: numpy>=1.9.0 in /zapps/anaconda/3/4.3.1/lib/python3.6/site-packages (from pandas==0.23.0)
Requirement already satisfied: pytz>=2011k in /zapps/anaconda/3/4.3.1/lib/python3.6/site-packages (from pandas==0.23.0)
Requirement already satisfied: six>=1.5 in /zapps/anaconda/3/4.3.1/envs/fenicsproject/lib/python3.6/site-packages (from python-dateutil>=2.5.0->pandas==0.23.0)
You are using pip version 9.0.1, however version 18.1 is available.
You should consider upgrading via the 'pip install --upgrade pip' command.
Requirement already satisfied: mkl in /zhome/mbrad94/.local/lib/python3.6/site-packages
Requirement already satisfied: intel-openmp in /zhome/mbrad94/.local/lib/python3.6/site-packages (from mkl)
You are using pip version 9.0.1, however version 18.1 is available.
You should consider upgrading via the 'pip install --upgrade pip' command.
1
2
3
KNN
accuracy: 0.70 (+/- 0.13)
Runtime: 0.005127954483032227 minutes
SVC
accuracy: 0.72 (+/- 0.00)
Runtime: 0.0056975483894348145 minutes
RF
accuracy: 0.71 (+/- 0.14)
Runtime: 0.028969701131184897 minutes
Gradient Boosting
accuracy: 0.69 (+/- 0.12)
Runtime: 0.09645636876424153 minutes
Niave Bayes
accuracy: 0.63 (+/- 0.17)
Runtime: 0.00447084903717041 minutes
LR
MLP
accuracy: 0.72 (+/- 0.00)
Runtime: 0.09637555678685507 minutes
0.578947368421
0.736842105263
0.631578947368
0.494736842105
0.673684210526
0.736842105263
1
2
3
KNN
accuracy: 0.74 (+/- 0.11)
Runtime: 0.005054827531178792 minutes
SVC
accuracy: 0.72 (+/- 0.00)
Runtime: 0.005573678016662598 minutes
RF
accuracy: 0.70 (+/- 0.14)
Runtime: 0.029212594032287598 minutes
Gradient Boosting
accuracy: 0.73 (+/- 0.13)
Runtime: 0.09436889886856079 minutes
Niave Bayes
accuracy: 0.70 (+/- 0.15)
Runtime: 0.004451775550842285 minutes
LR
MLP
accuracy: 0.72 (+/- 0.00)
Runtime: 0.09527959028879801 minutes
0.621052631579
0.736842105263
0.715789473684
0.536842105263
0.652631578947
0.736842105263
1
2
3
KNN
accuracy: 0.68 (+/- 0.11)
Runtime: 0.004953436056772868 minutes
SVC
accuracy: 0.72 (+/- 0.00)
Runtime: 0.005422898133595784 minutes
RF
accuracy: 0.67 (+/- 0.10)
Runtime: 0.02890750567118327 minutes
Gradient Boosting
accuracy: 0.67 (+/- 0.14)
Runtime: 0.09044057528177897 minutes
Niave Bayes
accuracy: 0.56 (+/- 0.16)
Runtime: 0.004312046368916829 minutes
LR
MLP
accuracy: 0.72 (+/- 0.00)
Runtime: 0.09408820470174153 minutes
0.673684210526
0.736842105263
0.715789473684
0.684210526316
0.736842105263
0.736842105263
1
2
3
KNN
accuracy: 0.65 (+/- 0.14)
Runtime: 0.005132742722829183 minutes
SVC
accuracy: 0.72 (+/- 0.00)
Runtime: 0.005633163452148438 minutes
RF
accuracy: 0.67 (+/- 0.14)
Runtime: 0.029086466630299887 minutes
Gradient Boosting
accuracy: 0.69 (+/- 0.14)
Runtime: 0.09792426824569703 minutes
Niave Bayes
accuracy: 0.60 (+/- 0.15)
Runtime: 0.004420022169748942 minutes
LR
MLP
accuracy: 0.72 (+/- 0.00)
Runtime: 0.09640964269638061 minutes
0.715789473684
0.736842105263
0.652631578947
0.6
0.684210526316
0.736842105263
1
2
3
KNN
accuracy: 0.70 (+/- 0.12)
Runtime: 0.0051645636558532715 minutes
SVC
accuracy: 0.72 (+/- 0.00)
Runtime: 0.0055687228838602705 minutes
RF
accuracy: 0.70 (+/- 0.15)
Runtime: 0.02947699228922526 minutes
Gradient Boosting
accuracy: 0.68 (+/- 0.12)
Runtime: 0.09962726434071859 minutes
Niave Bayes
accuracy: 0.66 (+/- 0.15)
Runtime: 0.004561726252237956 minutes
LR
MLP
accuracy: 0.72 (+/- 0.00)
Runtime: 0.09998762210210164 minutes
0.652631578947
0.736842105263
0.652631578947
0.578947368421
0.694736842105
0.736842105263
1
2
3
KNN
accuracy: 0.72 (+/- 0.14)
Runtime: 0.005121668179829915 minutes
SVC
accuracy: 0.72 (+/- 0.00)
Runtime: 0.005541364351908366 minutes
RF
accuracy: 0.70 (+/- 0.14)
Runtime: 0.02904582420984904 minutes
Gradient Boosting
accuracy: 0.69 (+/- 0.16)
Runtime: 0.09441048304239909 minutes
Niave Bayes
accuracy: 0.65 (+/- 0.16)
Runtime: 0.004396251837412516 minutes
LR
MLP
accuracy: 0.72 (+/- 0.00)
Runtime: 0.09392352898915608 minutes
0.684210526316
0.736842105263
0.631578947368
0.642105263158
0.673684210526
0.736842105263
1
2
3
KNN
accuracy: 0.66 (+/- 0.15)
Runtime: 0.004998159408569336 minutes
SVC
accuracy: 0.72 (+/- 0.00)
Runtime: 0.005408263206481934 minutes
RF
accuracy: 0.63 (+/- 0.14)
Runtime: 0.02898629903793335 minutes
Gradient Boosting
accuracy: 0.63 (+/- 0.14)
Runtime: 0.09126866261164347 minutes
Niave Bayes
accuracy: 0.62 (+/- 0.17)
Runtime: 0.004324718316396078 minutes
LR
MLP
accuracy: 0.72 (+/- 0.00)
Runtime: 0.09258249998092652 minutes
0.726315789474
0.736842105263
0.673684210526
0.736842105263
0.673684210526
0.736842105263
1
2
3
KNN
accuracy: 0.70 (+/- 0.13)
Runtime: 0.005128820737202962 minutes
SVC
accuracy: 0.72 (+/- 0.00)
Runtime: 0.005639723936716716 minutes
RF
accuracy: 0.67 (+/- 0.13)
Runtime: 0.029017722606658934 minutes
Gradient Boosting
accuracy: 0.67 (+/- 0.12)
Runtime: 0.09469929138819376 minutes
Niave Bayes
accuracy: 0.59 (+/- 0.15)
Runtime: 0.004492088158925375 minutes
LR
MLP
accuracy: 0.72 (+/- 0.00)
Runtime: 0.09694780111312866 minutes
0.610526315789
0.736842105263
0.631578947368
0.631578947368
0.694736842105
0.736842105263
1
2
3
KNN
accuracy: 0.68 (+/- 0.13)
Runtime: 0.004995242754618327 minutes
SVC
accuracy: 0.72 (+/- 0.00)
Runtime: 0.005482109387715658 minutes
RF
accuracy: 0.66 (+/- 0.13)
Runtime: 0.02888352076212565 minutes
Gradient Boosting
accuracy: 0.68 (+/- 0.12)
Runtime: 0.09422699610392253 minutes
Niave Bayes
accuracy: 0.61 (+/- 0.12)
Runtime: 0.004411756992340088 minutes
LR
MLP
accuracy: 0.72 (+/- 0.00)
Runtime: 0.09402453899383545 minutes
0.6
0.736842105263
0.736842105263
0.6
0.726315789474
0.736842105263
1
2
3
KNN
accuracy: 0.70 (+/- 0.11)
Runtime: 0.004995612303415934 minutes
SVC
accuracy: 0.72 (+/- 0.00)
Runtime: 0.005426061153411865 minutes
RF
accuracy: 0.66 (+/- 0.15)
Runtime: 0.028841090202331544 minutes
Gradient Boosting
accuracy: 0.66 (+/- 0.14)
Runtime: 0.09465133746465047 minutes
Niave Bayes
accuracy: 0.60 (+/- 0.14)
Runtime: 0.004362765947977702 minutes
LR
MLP
accuracy: 0.72 (+/- 0.00)
Runtime: 0.09197028875350952 minutes
0.663157894737
0.736842105263
0.694736842105
0.694736842105
0.694736842105
0.736842105263
1
2
3
KNN
accuracy: 0.67 (+/- 0.14)
Runtime: 0.0050134420394897464 minutes
SVC
accuracy: 0.72 (+/- 0.00)
Runtime: 0.005418022473653157 minutes
RF
accuracy: 0.66 (+/- 0.13)
Runtime: 0.028905121485392253 minutes
Gradient Boosting
accuracy: 0.67 (+/- 0.13)
Runtime: 0.09763505061467488 minutes
Niave Bayes
accuracy: 0.61 (+/- 0.14)
Runtime: 0.004418027400970459 minutes
LR
MLP
accuracy: 0.72 (+/- 0.00)
Runtime: 0.09390151103337606 minutes
0.736842105263
0.736842105263
0.673684210526
0.652631578947
0.684210526316
0.736842105263
1
2
3
KNN
accuracy: 0.70 (+/- 0.13)
Runtime: 0.005128022034962972 minutes
SVC
accuracy: 0.72 (+/- 0.00)
Runtime: 0.005478580792744954 minutes
RF
accuracy: 0.66 (+/- 0.13)
Runtime: 0.02911798159281413 minutes
Gradient Boosting
accuracy: 0.71 (+/- 0.14)
Runtime: 0.09466341733932496 minutes
Niave Bayes
accuracy: 0.61 (+/- 0.15)
Runtime: 0.004418003559112549 minutes
LR
MLP
accuracy: 0.72 (+/- 0.00)
Runtime: 0.09490782022476196 minutes
0.747368421053
0.736842105263
0.747368421053
0.663157894737
0.736842105263
0.736842105263
1
2
3
KNN
accuracy: 0.73 (+/- 0.13)
Runtime: 0.005027016003926595 minutes
SVC
accuracy: 0.72 (+/- 0.00)
Runtime: 0.005424654483795166 minutes
RF
accuracy: 0.68 (+/- 0.15)
Runtime: 0.02902059555053711 minutes
Gradient Boosting
accuracy: 0.69 (+/- 0.15)
Runtime: 0.09246230125427246 minutes
Niave Bayes
accuracy: 0.67 (+/- 0.16)
Runtime: 0.004325679937998454 minutes
LR
MLP
accuracy: 0.72 (+/- 0.00)
Runtime: 0.09377924998601278 minutes
0.673684210526
0.736842105263
0.621052631579
0.642105263158
0.705263157895
0.736842105263
1
2
3
KNN
accuracy: 0.66 (+/- 0.12)
Runtime: 0.00517966349919637 minutes
SVC
accuracy: 0.72 (+/- 0.00)
Runtime: 0.005588475863138835 minutes
RF
accuracy: 0.67 (+/- 0.15)
Runtime: 0.029308517773946125 minutes
Gradient Boosting
accuracy: 0.65 (+/- 0.13)
Runtime: 0.0982372522354126 minutes
Niave Bayes
accuracy: 0.62 (+/- 0.16)
Runtime: 0.004525502522786458 minutes
LR
MLP
accuracy: 0.72 (+/- 0.00)
Runtime: 0.09761120478312174 minutes
0.673684210526
0.736842105263
0.652631578947
0.6
0.705263157895
0.736842105263
1
2
3
KNN
accuracy: 0.66 (+/- 0.13)
Runtime: 0.004950388272603353 minutes
SVC
accuracy: 0.72 (+/- 0.00)
Runtime: 0.005369166533152263 minutes
RF
accuracy: 0.66 (+/- 0.12)
Runtime: 0.02874682346979777 minutes
Gradient Boosting
accuracy: 0.71 (+/- 0.13)
Runtime: 0.09205862283706664 minutes
Niave Bayes
accuracy: 0.62 (+/- 0.15)
Runtime: 0.004312129815419515 minutes
LR
MLP
accuracy: 0.72 (+/- 0.00)
Runtime: 0.09373752276102702 minutes
0.757894736842
0.736842105263
0.642105263158
0.631578947368
0.705263157895
0.736842105263
1
2
3
KNN
accuracy: 0.67 (+/- 0.12)
Runtime: 0.005444931983947754 minutes
SVC
accuracy: 0.72 (+/- 0.00)
Runtime: 0.005903661251068115 minutes
RF
accuracy: 0.67 (+/- 0.13)
Runtime: 0.0294565478960673 minutes
Gradient Boosting
accuracy: 0.68 (+/- 0.13)
Runtime: 0.09437352816263835 minutes
Niave Bayes
accuracy: 0.65 (+/- 0.16)
Runtime: 0.0046509583791097 minutes
LR
MLP
accuracy: 0.72 (+/- 0.00)
Runtime: 0.0939071257909139 minutes
0.684210526316
0.736842105263
0.663157894737
0.589473684211
0.673684210526
0.736842105263
1
2
3
KNN
accuracy: 0.70 (+/- 0.15)
Runtime: 0.005482312043507894 minutes
SVC
accuracy: 0.72 (+/- 0.00)
Runtime: 0.005997006098429362 minutes
RF
accuracy: 0.67 (+/- 0.13)
Runtime: 0.029404290517171226 minutes
Gradient Boosting
accuracy: 0.67 (+/- 0.12)
Runtime: 0.09224336942036947 minutes
Niave Bayes
accuracy: 0.64 (+/- 0.15)
Runtime: 0.00468444029490153 minutes
LR
MLP
accuracy: 0.72 (+/- 0.00)
Runtime: 0.09319786628087362 minutes
0.621052631579
0.736842105263
0.652631578947
0.621052631579
0.652631578947
0.736842105263
1
2
3
KNN
accuracy: 0.69 (+/- 0.13)
Runtime: 0.0052038788795471195 minutes
SVC
accuracy: 0.72 (+/- 0.00)
Runtime: 0.005695803960164388 minutes
RF
accuracy: 0.69 (+/- 0.16)
Runtime: 0.029348655541737875 minutes
Gradient Boosting
accuracy: 0.71 (+/- 0.13)
Runtime: 0.09996056159337362 minutes
Niave Bayes
accuracy: 0.59 (+/- 0.17)
Runtime: 0.004551060994466146 minutes
LR
MLP
accuracy: 0.72 (+/- 0.00)
Runtime: 0.09761403799057007 minutes
0.6
0.736842105263
0.673684210526
0.642105263158
0.726315789474
0.736842105263
1
2
3
KNN
accuracy: 0.67 (+/- 0.13)
Runtime: 0.005419095357259114 minutes
SVC
accuracy: 0.72 (+/- 0.00)
Runtime: 0.00586630900700887 minutes
RF
accuracy: 0.64 (+/- 0.13)
Runtime: 0.029584240913391114 minutes
Gradient Boosting
accuracy: 0.66 (+/- 0.13)
Runtime: 0.09634151458740234 minutes
Niave Bayes
accuracy: 0.62 (+/- 0.16)
Runtime: 0.004743444919586182 minutes
LR
MLP
accuracy: 0.72 (+/- 0.00)
Runtime: 0.09549693663914999 minutes
0.726315789474
0.736842105263
0.726315789474
0.621052631579
0.757894736842
0.736842105263
1
2
3
KNN
accuracy: 0.67 (+/- 0.12)
Runtime: 0.005598902702331543 minutes
SVC
accuracy: 0.72 (+/- 0.00)
Runtime: 0.006122581164042155 minutes
RF
accuracy: 0.68 (+/- 0.15)
Runtime: 0.030531720320383707 minutes
Gradient Boosting
accuracy: 0.67 (+/- 0.12)
Runtime: 0.1034106691678365 minutes
Niave Bayes
accuracy: 0.62 (+/- 0.15)
Runtime: 0.004950706164042155 minutes
LR
MLP
accuracy: 0.72 (+/- 0.00)
Runtime: 0.09987223148345947 minutes
0.652631578947
0.736842105263
0.736842105263
0.589473684211
0.652631578947
0.736842105263
