perl: warning: Setting locale failed.
perl: warning: Please check that your locale settings:
	LANGUAGE = (unset),
	LC_ALL = (unset),
	LANG = "C.UTF-8"
    are supported and installed on your system.
perl: warning: Falling back to the standard locale ("C").
Requirement already satisfied: pandas==0.23.0 in /zhome/mbrad94/.local/lib/python3.6/site-packages
Requirement already satisfied: numpy>=1.9.0 in /zapps/anaconda/3/4.3.1/lib/python3.6/site-packages (from pandas==0.23.0)
Requirement already satisfied: pytz>=2011k in /zapps/anaconda/3/4.3.1/lib/python3.6/site-packages (from pandas==0.23.0)
Requirement already satisfied: python-dateutil>=2.5.0 in /zapps/anaconda/3/4.3.1/lib/python3.6/site-packages (from pandas==0.23.0)
Requirement already satisfied: six>=1.5 in /zapps/anaconda/3/4.3.1/envs/fenicsproject/lib/python3.6/site-packages (from python-dateutil>=2.5.0->pandas==0.23.0)
You are using pip version 9.0.1, however version 18.1 is available.
You should consider upgrading via the 'pip install --upgrade pip' command.
Requirement already satisfied: mkl in /zhome/mbrad94/.local/lib/python3.6/site-packages
Requirement already satisfied: intel-openmp in /zhome/mbrad94/.local/lib/python3.6/site-packages (from mkl)
You are using pip version 9.0.1, however version 18.1 is available.
You should consider upgrading via the 'pip install --upgrade pip' command.
1
2
3
KNN
accuracy: 0.67 (+/- 0.14)
Runtime: 0.0052950461705525715 minutes
SVC
accuracy: 0.72 (+/- 0.00)
Runtime: 0.005766916275024414 minutes
RF
accuracy: 0.62 (+/- 0.15)
Runtime: 0.029614583651224772 minutes
Gradient Boosting
accuracy: 0.63 (+/- 0.14)
Runtime: 0.10272992849349975 minutes
Niave Bayes
accuracy: 0.63 (+/- 0.19)
Runtime: 0.004624350865681966 minutes
LR
MLP
accuracy: 0.72 (+/- 0.00)
Runtime: 0.10136334498723348 minutes
0.694736842105
0.736842105263
0.673684210526
0.589473684211
0.673684210526
0.736842105263
1
2
3
KNN
accuracy: 0.70 (+/- 0.12)
Runtime: 0.005398480097452799 minutes
SVC
accuracy: 0.72 (+/- 0.00)
Runtime: 0.0059012969334920245 minutes
RF
accuracy: 0.67 (+/- 0.16)
Runtime: 0.030254530906677245 minutes
Gradient Boosting
accuracy: 0.68 (+/- 0.14)
Runtime: 0.10771488348642985 minutes
Niave Bayes
accuracy: 0.60 (+/- 0.15)
Runtime: 0.0048571348190307615 minutes
LR
MLP
accuracy: 0.72 (+/- 0.00)
Runtime: 0.1048291285832723 minutes
0.715789473684
0.736842105263
0.705263157895
0.631578947368
0.747368421053
0.736842105263
1
2
3
KNN
accuracy: 0.71 (+/- 0.13)
Runtime: 0.005344851811726888 minutes
SVC
accuracy: 0.72 (+/- 0.00)
Runtime: 0.00557934840520223 minutes
RF
accuracy: 0.66 (+/- 0.13)
Runtime: 0.0296884814898173 minutes
Gradient Boosting
accuracy: 0.65 (+/- 0.13)
Runtime: 0.10588856140772501 minutes
Niave Bayes
accuracy: 0.58 (+/- 0.17)
Runtime: 0.00465695063273112 minutes
LR
MLP
accuracy: 0.72 (+/- 0.00)
Runtime: 0.1039090355237325 minutes
0.694736842105
0.736842105263
0.694736842105
0.610526315789
0.684210526316
0.736842105263
1
2
3
KNN
accuracy: 0.69 (+/- 0.13)
Runtime: 0.005346028010050455 minutes
SVC
accuracy: 0.72 (+/- 0.00)
Runtime: 0.00578686793645223 minutes
RF
accuracy: 0.66 (+/- 0.16)
Runtime: 0.030176015694936116 minutes
Gradient Boosting
accuracy: 0.65 (+/- 0.13)
Runtime: 0.10905284881591797 minutes
Niave Bayes
accuracy: 0.65 (+/- 0.17)
Runtime: 0.00477132797241211 minutes
LR
MLP
accuracy: 0.72 (+/- 0.00)
Runtime: 0.10768014589945475 minutes
0.726315789474
0.736842105263
0.663157894737
0.610526315789
0.715789473684
0.736842105263
1
2
3
KNN
accuracy: 0.72 (+/- 0.12)
Runtime: 0.005234682559967041 minutes
SVC
accuracy: 0.72 (+/- 0.00)
Runtime: 0.0056328972180684405 minutes
RF
accuracy: 0.64 (+/- 0.14)
Runtime: 0.029813921451568602 minutes
Gradient Boosting
accuracy: 0.64 (+/- 0.14)
Runtime: 0.10564503272374472 minutes
Niave Bayes
accuracy: 0.54 (+/- 0.16)
Runtime: 0.004704968134562174 minutes
LR
MLP
accuracy: 0.72 (+/- 0.00)
Runtime: 0.10286412239074708 minutes
0.736842105263
0.736842105263
0.715789473684
0.684210526316
0.757894736842
0.736842105263
1
2
3
KNN
accuracy: 0.69 (+/- 0.13)
Runtime: 0.0052648186683654785 minutes
SVC
accuracy: 0.72 (+/- 0.00)
Runtime: 0.005609321594238281 minutes
RF
accuracy: 0.70 (+/- 0.13)
Runtime: 0.0295352578163147 minutes
Gradient Boosting
accuracy: 0.71 (+/- 0.15)
Runtime: 0.10553847948710124 minutes
Niave Bayes
accuracy: 0.66 (+/- 0.17)
Runtime: 0.00466076135635376 minutes
LR
MLP
accuracy: 0.72 (+/- 0.00)
Runtime: 0.10330093304316203 minutes
0.642105263158
0.736842105263
0.663157894737
0.589473684211
0.663157894737
0.736842105263
1
2
3
KNN
accuracy: 0.70 (+/- 0.13)
Runtime: 0.00522224505742391 minutes
SVC
accuracy: 0.72 (+/- 0.00)
Runtime: 0.005643932024637858 minutes
RF
accuracy: 0.70 (+/- 0.14)
Runtime: 0.029788347085316975 minutes
Gradient Boosting
accuracy: 0.72 (+/- 0.13)
Runtime: 0.10649579366048177 minutes
Niave Bayes
accuracy: 0.64 (+/- 0.14)
Runtime: 0.004703013102213541 minutes
LR
MLP
accuracy: 0.72 (+/- 0.00)
Runtime: 0.10251004695892334 minutes
0.736842105263
0.736842105263
0.684210526316
0.673684210526
0.663157894737
0.736842105263
1
2
3
KNN
accuracy: 0.68 (+/- 0.12)
Runtime: 0.0053817152976989744 minutes
SVC
accuracy: 0.72 (+/- 0.00)
Runtime: 0.005797640482584635 minutes
RF
accuracy: 0.68 (+/- 0.14)
Runtime: 0.02973892688751221 minutes
Gradient Boosting
accuracy: 0.68 (+/- 0.12)
Runtime: 0.10603344043095907 minutes
Niave Bayes
accuracy: 0.64 (+/- 0.16)
Runtime: 0.004772321383158366 minutes
LR
MLP
accuracy: 0.72 (+/- 0.00)
Runtime: 0.10645849704742431 minutes
0.610526315789
0.736842105263
0.621052631579
0.631578947368
0.726315789474
0.736842105263
1
2
3
KNN
accuracy: 0.67 (+/- 0.13)
Runtime: 0.0053171515464782715 minutes
SVC
accuracy: 0.72 (+/- 0.00)
Runtime: 0.005725363890329997 minutes
RF
accuracy: 0.70 (+/- 0.14)
Runtime: 0.029418877760569253 minutes
Gradient Boosting
accuracy: 0.71 (+/- 0.14)
Runtime: 0.10325370232264201 minutes
Niave Bayes
accuracy: 0.65 (+/- 0.15)
Runtime: 0.004644135634104411 minutes
LR
MLP
accuracy: 0.72 (+/- 0.00)
Runtime: 0.10389187335968017 minutes
0.642105263158
0.736842105263
0.631578947368
0.6
0.684210526316
0.736842105263
1
2
3
KNN
accuracy: 0.67 (+/- 0.15)
Runtime: 0.005423982938130696 minutes
SVC
accuracy: 0.72 (+/- 0.00)
Runtime: 0.005655845006306966 minutes
RF
accuracy: 0.65 (+/- 0.15)
Runtime: 0.029622968037923178 minutes
Gradient Boosting
accuracy: 0.64 (+/- 0.13)
Runtime: 0.10615058739980061 minutes
Niave Bayes
accuracy: 0.62 (+/- 0.18)
Runtime: 0.004737238089243571 minutes
LR
MLP
accuracy: 0.72 (+/- 0.00)
Runtime: 0.10399522384007771 minutes
0.684210526316
0.736842105263
0.694736842105
0.578947368421
0.747368421053
0.736842105263
1
2
3
KNN
accuracy: 0.76 (+/- 0.13)
Runtime: 0.005343004067738851 minutes
SVC
accuracy: 0.72 (+/- 0.00)
Runtime: 0.00575788418451945 minutes
RF
accuracy: 0.71 (+/- 0.14)
Runtime: 0.029970324039459227 minutes
Gradient Boosting
accuracy: 0.71 (+/- 0.12)
Runtime: 0.10603259404500326 minutes
Niave Bayes
accuracy: 0.71 (+/- 0.15)
Runtime: 0.0048193732897440595 minutes
LR
MLP
accuracy: 0.72 (+/- 0.00)
Runtime: 0.1063197374343872 minutes
0.642105263158
0.736842105263
0.694736842105
0.589473684211
0.642105263158
0.736842105263
1
2
3
KNN
accuracy: 0.70 (+/- 0.10)
Runtime: 0.005263793468475342 minutes
SVC
accuracy: 0.72 (+/- 0.00)
Runtime: 0.005658853054046631 minutes
RF
accuracy: 0.68 (+/- 0.14)
Runtime: 0.02966025670369466 minutes
Gradient Boosting
accuracy: 0.66 (+/- 0.11)
Runtime: 0.10745670398076375 minutes
Niave Bayes
accuracy: 0.62 (+/- 0.15)
Runtime: 0.004722130298614502 minutes
LR
MLP
accuracy: 0.72 (+/- 0.00)
Runtime: 0.10240461428960164 minutes
0.631578947368
0.736842105263
0.705263157895
0.642105263158
0.768421052632
0.736842105263
1
2
3
KNN
accuracy: 0.62 (+/- 0.13)
Runtime: 0.005303684870402018 minutes
SVC
accuracy: 0.72 (+/- 0.00)
Runtime: 0.005637737115224203 minutes
RF
accuracy: 0.68 (+/- 0.15)
Runtime: 0.029623007774353026 minutes
Gradient Boosting
accuracy: 0.68 (+/- 0.15)
Runtime: 0.10400762955347696 minutes
Niave Bayes
accuracy: 0.65 (+/- 0.14)
Runtime: 0.0046089927355448404 minutes
LR
MLP
accuracy: 0.72 (+/- 0.00)
Runtime: 0.10318296750386556 minutes
0.610526315789
0.736842105263
0.610526315789
0.515789473684
0.621052631579
0.736842105263
1
2
3
KNN
accuracy: 0.64 (+/- 0.12)
Runtime: 0.005308719476064047 minutes
SVC
accuracy: 0.72 (+/- 0.00)
Runtime: 0.005617467562357584 minutes
RF
accuracy: 0.66 (+/- 0.14)
Runtime: 0.02983089288075765 minutes
Gradient Boosting
accuracy: 0.64 (+/- 0.13)
Runtime: 0.10510720411936442 minutes
Niave Bayes
accuracy: 0.62 (+/- 0.15)
Runtime: 0.004719881216684977 minutes
LR
MLP
accuracy: 0.72 (+/- 0.00)
Runtime: 0.10286437670389811 minutes
0.673684210526
0.736842105263
0.673684210526
0.642105263158
0.705263157895
0.736842105263
1
2
3
KNN
accuracy: 0.64 (+/- 0.13)
Runtime: 0.005252822240193685 minutes
SVC
accuracy: 0.72 (+/- 0.00)
Runtime: 0.005741739273071289 minutes
RF
accuracy: 0.65 (+/- 0.13)
Runtime: 0.029519955317179363 minutes
Gradient Boosting
accuracy: 0.64 (+/- 0.15)
Runtime: 0.10213040113449097 minutes
Niave Bayes
accuracy: 0.64 (+/- 0.17)
Runtime: 0.004685731728871664 minutes
LR
MLP
accuracy: 0.72 (+/- 0.00)
Runtime: 0.10040601889292398 minutes
0.621052631579
0.736842105263
0.684210526316
0.6
0.663157894737
0.736842105263
1
2
3
KNN
accuracy: 0.65 (+/- 0.14)
Runtime: 0.005287663141886393 minutes
SVC
accuracy: 0.72 (+/- 0.00)
Runtime: 0.005631844202677409 minutes
RF
accuracy: 0.65 (+/- 0.14)
Runtime: 0.029672578970591227 minutes
Gradient Boosting
accuracy: 0.63 (+/- 0.15)
Runtime: 0.10477481285730998 minutes
Niave Bayes
accuracy: 0.59 (+/- 0.17)
Runtime: 0.004693881670633952 minutes
LR
MLP
accuracy: 0.72 (+/- 0.00)
Runtime: 0.10331924756368001 minutes
0.694736842105
0.736842105263
0.726315789474
0.621052631579
0.757894736842
0.736842105263
1
2
3
KNN
accuracy: 0.71 (+/- 0.11)
Runtime: 0.005336395899454753 minutes
SVC
accuracy: 0.72 (+/- 0.00)
Runtime: 0.005667555332183838 minutes
RF
accuracy: 0.66 (+/- 0.14)
Runtime: 0.0302946408589681 minutes
Gradient Boosting
accuracy: 0.64 (+/- 0.14)
Runtime: 0.10569403171539307 minutes
Niave Bayes
accuracy: 0.61 (+/- 0.13)
Runtime: 0.004780479272206624 minutes
LR
MLP
accuracy: 0.72 (+/- 0.00)
Runtime: 0.10478270848592122 minutes
0.736842105263
0.736842105263
0.715789473684
0.684210526316
0.663157894737
0.736842105263
1
2
3
KNN
accuracy: 0.67 (+/- 0.12)
Runtime: 0.005323584874471029 minutes
SVC
accuracy: 0.72 (+/- 0.00)
Runtime: 0.005731022357940674 minutes
RF
accuracy: 0.68 (+/- 0.14)
Runtime: 0.029730848471323647 minutes
Gradient Boosting
accuracy: 0.70 (+/- 0.13)
Runtime: 0.10344747702280681 minutes
Niave Bayes
accuracy: 0.66 (+/- 0.16)
Runtime: 0.00473636786142985 minutes
LR
MLP
accuracy: 0.72 (+/- 0.00)
Runtime: 0.10524154504140218 minutes
0.673684210526
0.736842105263
0.705263157895
0.505263157895
0.610526315789
0.736842105263
1
2
3
KNN
accuracy: 0.67 (+/- 0.12)
Runtime: 0.005360945065816244 minutes
SVC
accuracy: 0.72 (+/- 0.00)
Runtime: 0.005817695458730062 minutes
RF
accuracy: 0.66 (+/- 0.13)
Runtime: 0.0302851398785909 minutes
Gradient Boosting
accuracy: 0.66 (+/- 0.14)
Runtime: 0.10497301419576009 minutes
Niave Bayes
accuracy: 0.59 (+/- 0.17)
Runtime: 0.004908021291097005 minutes
LR
MLP
accuracy: 0.72 (+/- 0.00)
Runtime: 0.10839647054672241 minutes
0.715789473684
0.736842105263
0.736842105263
0.663157894737
0.736842105263
0.736842105263
1
2
3
KNN
accuracy: 0.70 (+/- 0.14)
Runtime: 0.005393807093302409 minutes
SVC
accuracy: 0.72 (+/- 0.00)
Runtime: 0.005721402168273926 minutes
RF
accuracy: 0.69 (+/- 0.13)
Runtime: 0.030055693785349526 minutes
Gradient Boosting
accuracy: 0.68 (+/- 0.13)
Runtime: 0.10883257389068604 minutes
Niave Bayes
accuracy: 0.62 (+/- 0.17)
Runtime: 0.00474158525466919 minutes
LR
MLP
accuracy: 0.72 (+/- 0.00)
Runtime: 0.10596243143081666 minutes
0.631578947368
0.736842105263
0.631578947368
0.621052631579
0.684210526316
0.736842105263
