perl: warning: Setting locale failed.
perl: warning: Please check that your locale settings:
	LANGUAGE = (unset),
	LC_ALL = (unset),
	LANG = "C.UTF-8"
    are supported and installed on your system.
perl: warning: Falling back to the standard locale ("C").
Requirement already satisfied: pandas==0.23.0 in /zhome/mbrad94/.local/lib/python3.6/site-packages
Requirement already satisfied: pytz>=2011k in /zapps/anaconda/3/4.3.1/lib/python3.6/site-packages (from pandas==0.23.0)
Requirement already satisfied: python-dateutil>=2.5.0 in /zapps/anaconda/3/4.3.1/lib/python3.6/site-packages (from pandas==0.23.0)
Requirement already satisfied: numpy>=1.9.0 in /zapps/anaconda/3/4.3.1/lib/python3.6/site-packages (from pandas==0.23.0)
Requirement already satisfied: six>=1.5 in /zapps/anaconda/3/4.3.1/envs/fenicsproject/lib/python3.6/site-packages (from python-dateutil>=2.5.0->pandas==0.23.0)
You are using pip version 9.0.1, however version 18.1 is available.
You should consider upgrading via the 'pip install --upgrade pip' command.
Requirement already satisfied: mkl in /zhome/mbrad94/.local/lib/python3.6/site-packages
Requirement already satisfied: intel-openmp in /zhome/mbrad94/.local/lib/python3.6/site-packages (from mkl)
You are using pip version 9.0.1, however version 18.1 is available.
You should consider upgrading via the 'pip install --upgrade pip' command.
1
2
3
KNN
accuracy: 0.68 (+/- 0.12)
Runtime: 0.005032205581665039 minutes
SVC
accuracy: 0.72 (+/- 0.00)
Runtime: 0.005471162001291911 minutes
RF
accuracy: 0.70 (+/- 0.14)
Runtime: 0.029204034805297853 minutes
Gradient Boosting
accuracy: 0.69 (+/- 0.13)
Runtime: 0.09522719780604044 minutes
Niave Bayes
accuracy: 0.69 (+/- 0.17)
Runtime: 0.004481776555379232 minutes
LR
MLP
accuracy: 0.72 (+/- 0.00)
Runtime: 0.09731688102086385 minutes
0.663157894737
0.736842105263
0.663157894737
0.621052631579
0.589473684211
0.736842105263
1
2
3
KNN
accuracy: 0.71 (+/- 0.12)
Runtime: 0.00525355339050293 minutes
SVC
accuracy: 0.72 (+/- 0.00)
Runtime: 0.00572898785273234 minutes
RF
accuracy: 0.69 (+/- 0.12)
Runtime: 0.029642951488494874 minutes
Gradient Boosting
accuracy: 0.69 (+/- 0.11)
Runtime: 0.10032696723937988 minutes
Niave Bayes
accuracy: 0.66 (+/- 0.14)
Runtime: 0.004543817043304444 minutes
LR
MLP
accuracy: 0.72 (+/- 0.00)
Runtime: 0.10162931283315023 minutes
0.715789473684
0.736842105263
0.705263157895
0.557894736842
0.715789473684
0.736842105263
1
2
3
KNN
accuracy: 0.70 (+/- 0.15)
Runtime: 0.005459423859914144 minutes
SVC
accuracy: 0.72 (+/- 0.00)
Runtime: 0.005845952033996582 minutes
RF
accuracy: 0.68 (+/- 0.14)
Runtime: 0.029487876097361247 minutes
Gradient Boosting
accuracy: 0.70 (+/- 0.14)
Runtime: 0.10104004939397176 minutes
Niave Bayes
accuracy: 0.68 (+/- 0.15)
Runtime: 0.0045142014821370445 minutes
LR
MLP
accuracy: 0.72 (+/- 0.00)
Runtime: 0.09607584079106649 minutes
0.726315789474
0.736842105263
0.694736842105
0.631578947368
0.652631578947
0.736842105263
1
2
3
KNN
accuracy: 0.68 (+/- 0.13)
Runtime: 0.005389392375946045 minutes
SVC
accuracy: 0.72 (+/- 0.00)
Runtime: 0.005846877892812093 minutes
RF
accuracy: 0.65 (+/- 0.14)
Runtime: 0.029377663135528566 minutes
Gradient Boosting
accuracy: 0.64 (+/- 0.13)
Runtime: 0.09172195196151733 minutes
Niave Bayes
accuracy: 0.69 (+/- 0.15)
Runtime: 0.004309737682342529 minutes
LR
MLP
accuracy: 0.72 (+/- 0.00)
Runtime: 0.09386478662490845 minutes
0.673684210526
0.736842105263
0.694736842105
0.515789473684
0.621052631579
0.736842105263
1
2
3
KNN
accuracy: 0.70 (+/- 0.12)
Runtime: 0.005776425202687581 minutes
SVC
accuracy: 0.72 (+/- 0.00)
Runtime: 0.0061888456344604496 minutes
RF
accuracy: 0.70 (+/- 0.14)
Runtime: 0.029912432034810383 minutes
Gradient Boosting
accuracy: 0.72 (+/- 0.13)
Runtime: 0.09475019375483194 minutes
Niave Bayes
accuracy: 0.70 (+/- 0.16)
Runtime: 0.004437510172526042 minutes
LR
MLP
accuracy: 0.72 (+/- 0.00)
Runtime: 0.0946739395459493 minutes
0.610526315789
0.736842105263
0.610526315789
0.578947368421
0.610526315789
0.736842105263
1
2
3
KNN
accuracy: 0.72 (+/- 0.13)
Runtime: 0.00585399866104126 minutes
SVC
accuracy: 0.72 (+/- 0.00)
Runtime: 0.0062994718551635746 minutes
RF
accuracy: 0.68 (+/- 0.13)
Runtime: 0.03008768558502197 minutes
Gradient Boosting
accuracy: 0.68 (+/- 0.12)
Runtime: 0.09995377858479818 minutes
Niave Bayes
accuracy: 0.62 (+/- 0.16)
Runtime: 0.004630573590596517 minutes
LR
MLP
accuracy: 0.72 (+/- 0.00)
Runtime: 0.09761141141255697 minutes
0.663157894737
0.736842105263
0.652631578947
0.631578947368
0.715789473684
0.736842105263
1
2
3
KNN
accuracy: 0.72 (+/- 0.11)
Runtime: 0.005729126930236817 minutes
SVC
accuracy: 0.72 (+/- 0.00)
Runtime: 0.0062371770540873206 minutes
RF
accuracy: 0.65 (+/- 0.13)
Runtime: 0.029990637302398683 minutes
Gradient Boosting
accuracy: 0.66 (+/- 0.12)
Runtime: 0.09338616132736206 minutes
Niave Bayes
accuracy: 0.58 (+/- 0.16)
Runtime: 0.004512306054433187 minutes
LR
MLP
accuracy: 0.72 (+/- 0.00)
Runtime: 0.09310559829076132 minutes
0.694736842105
0.736842105263
0.715789473684
0.642105263158
0.694736842105
0.736842105263
1
2
3
KNN
accuracy: 0.69 (+/- 0.13)
Runtime: 0.005540688832600911 minutes
SVC
accuracy: 0.72 (+/- 0.00)
Runtime: 0.006083230177561442 minutes
RF
accuracy: 0.65 (+/- 0.15)
Runtime: 0.02932176987330119 minutes
Gradient Boosting
accuracy: 0.65 (+/- 0.16)
Runtime: 0.09407252073287964 minutes
Niave Bayes
accuracy: 0.59 (+/- 0.15)
Runtime: 0.004346787929534912 minutes
LR
MLP
accuracy: 0.72 (+/- 0.00)
Runtime: 0.09414404233296712 minutes
0.621052631579
0.736842105263
0.663157894737
0.610526315789
0.705263157895
0.736842105263
1
2
3
KNN
accuracy: 0.67 (+/- 0.12)
Runtime: 0.0057671944300333655 minutes
SVC
accuracy: 0.72 (+/- 0.00)
Runtime: 0.006298704942067464 minutes
RF
accuracy: 0.68 (+/- 0.13)
Runtime: 0.030143407980600993 minutes
Gradient Boosting
accuracy: 0.67 (+/- 0.12)
Runtime: 0.09454760551452637 minutes
Niave Bayes
accuracy: 0.59 (+/- 0.13)
Runtime: 0.0046636740366617834 minutes
LR
MLP
accuracy: 0.72 (+/- 0.00)
Runtime: 0.09661588271458944 minutes
0.663157894737
0.736842105263
0.673684210526
0.684210526316
0.757894736842
0.736842105263
1
2
3
KNN
accuracy: 0.67 (+/- 0.12)
Runtime: 0.005902719497680664 minutes
SVC
accuracy: 0.72 (+/- 0.00)
Runtime: 0.006487655639648438 minutes
RF
accuracy: 0.67 (+/- 0.15)
Runtime: 0.03001182476679484 minutes
Gradient Boosting
accuracy: 0.68 (+/- 0.13)
Runtime: 0.09415444135665893 minutes
Niave Bayes
accuracy: 0.57 (+/- 0.17)
Runtime: 0.004533584912618001 minutes
LR
MLP
accuracy: 0.72 (+/- 0.00)
Runtime: 0.09495133956273397 minutes
0.673684210526
0.736842105263
0.694736842105
0.621052631579
0.768421052632
0.736842105263
1
2
3
KNN
accuracy: 0.69 (+/- 0.13)
Runtime: 0.005866003036499023 minutes
SVC
accuracy: 0.72 (+/- 0.00)
Runtime: 0.006444454193115234 minutes
RF
accuracy: 0.66 (+/- 0.15)
Runtime: 0.030346147219340005 minutes
Gradient Boosting
accuracy: 0.67 (+/- 0.14)
Runtime: 0.09947938521703084 minutes
Niave Bayes
accuracy: 0.61 (+/- 0.16)
Runtime: 0.004721995194753011 minutes
LR
MLP
accuracy: 0.72 (+/- 0.00)
Runtime: 0.09817001422246298 minutes
0.694736842105
0.736842105263
0.715789473684
0.589473684211
0.673684210526
0.736842105263
1
2
3
KNN
accuracy: 0.65 (+/- 0.13)
Runtime: 0.00583195686340332 minutes
SVC
accuracy: 0.72 (+/- 0.00)
Runtime: 0.006493552525838216 minutes
RF
accuracy: 0.68 (+/- 0.14)
Runtime: 0.030258341630299886 minutes
Gradient Boosting
accuracy: 0.66 (+/- 0.13)
Runtime: 0.10346473852793375 minutes
Niave Bayes
accuracy: 0.62 (+/- 0.16)
Runtime: 0.004632782936096191 minutes
LR
MLP
accuracy: 0.72 (+/- 0.00)
Runtime: 0.09953343868255615 minutes
0.736842105263
0.736842105263
0.736842105263
0.6
0.694736842105
0.736842105263
1
2
3
KNN
accuracy: 0.69 (+/- 0.10)
Runtime: 0.005727660655975342 minutes
SVC
accuracy: 0.72 (+/- 0.00)
Runtime: 0.006120848655700684 minutes
RF
accuracy: 0.68 (+/- 0.12)
Runtime: 0.02969741423924764 minutes
Gradient Boosting
accuracy: 0.68 (+/- 0.11)
Runtime: 0.09698094526926676 minutes
Niave Bayes
accuracy: 0.67 (+/- 0.14)
Runtime: 0.004397324721018473 minutes
LR
MLP
accuracy: 0.72 (+/- 0.00)
Runtime: 0.09466131130854288 minutes
0.642105263158
0.736842105263
0.694736842105
0.663157894737
0.715789473684
0.736842105263
1
2
3
KNN
accuracy: 0.64 (+/- 0.14)
Runtime: 0.005860817432403564 minutes
SVC
accuracy: 0.72 (+/- 0.00)
Runtime: 0.006328558921813965 minutes
RF
accuracy: 0.65 (+/- 0.13)
Runtime: 0.03012080987294515 minutes
Gradient Boosting
accuracy: 0.63 (+/- 0.15)
Runtime: 0.09691680272420247 minutes
Niave Bayes
accuracy: 0.59 (+/- 0.18)
Runtime: 0.004766726493835449 minutes
LR
MLP
accuracy: 0.72 (+/- 0.00)
Runtime: 0.09643302361170451 minutes
0.747368421053
0.736842105263
0.694736842105
0.642105263158
0.694736842105
0.736842105263
1
2
3
KNN
accuracy: 0.62 (+/- 0.13)
Runtime: 0.005572017033894857 minutes
SVC
accuracy: 0.72 (+/- 0.00)
Runtime: 0.005943981806437174 minutes
RF
accuracy: 0.66 (+/- 0.14)
Runtime: 0.029858283201853433 minutes
Gradient Boosting
accuracy: 0.66 (+/- 0.13)
Runtime: 0.09636088609695434 minutes
Niave Bayes
accuracy: 0.64 (+/- 0.18)
Runtime: 0.0049759785334269205 minutes
LR
MLP
accuracy: 0.72 (+/- 0.00)
Runtime: 0.09707682132720948 minutes
0.652631578947
0.736842105263
0.705263157895
0.673684210526
0.652631578947
0.736842105263
1
2
3
KNN
accuracy: 0.68 (+/- 0.13)
Runtime: 0.006175669034322103 minutes
SVC
accuracy: 0.72 (+/- 0.00)
Runtime: 0.006000971794128418 minutes
RF
accuracy: 0.68 (+/- 0.12)
Runtime: 0.029516764481862388 minutes
Gradient Boosting
accuracy: 0.69 (+/- 0.11)
Runtime: 0.0948137879371643 minutes
Niave Bayes
accuracy: 0.67 (+/- 0.16)
Runtime: 0.004419362545013428 minutes
LR
MLP
accuracy: 0.72 (+/- 0.00)
Runtime: 0.09631570180257161 minutes
0.684210526316
0.736842105263
0.694736842105
0.6
0.747368421053
0.736842105263
1
2
3
KNN
accuracy: 0.69 (+/- 0.15)
Runtime: 0.00604398250579834 minutes
SVC
accuracy: 0.72 (+/- 0.00)
Runtime: 0.006551174322764078 minutes
RF
accuracy: 0.67 (+/- 0.14)
Runtime: 0.030802210172017414 minutes
Gradient Boosting
accuracy: 0.66 (+/- 0.14)
Runtime: 0.09935801426569621 minutes
Niave Bayes
accuracy: 0.64 (+/- 0.15)
Runtime: 0.005100901921590169 minutes
LR
MLP
accuracy: 0.72 (+/- 0.00)
Runtime: 0.09768713315327962 minutes
0.726315789474
0.736842105263
0.694736842105
0.652631578947
0.736842105263
0.736842105263
1
2
3
KNN
accuracy: 0.70 (+/- 0.16)
Runtime: 0.00599600076675415 minutes
SVC
accuracy: 0.72 (+/- 0.00)
Runtime: 0.006449592113494873 minutes
RF
accuracy: 0.68 (+/- 0.15)
Runtime: 0.03024712800979614 minutes
Gradient Boosting
accuracy: 0.68 (+/- 0.14)
Runtime: 0.10164830684661866 minutes
Niave Bayes
accuracy: 0.66 (+/- 0.15)
Runtime: 0.005013751983642578 minutes
LR
MLP
accuracy: 0.72 (+/- 0.00)
Runtime: 0.09768203496932984 minutes
0.684210526316
0.736842105263
0.673684210526
0.589473684211
0.694736842105
0.736842105263
1
2
3
KNN
accuracy: 0.66 (+/- 0.15)
Runtime: 0.005763336022694906 minutes
SVC
accuracy: 0.72 (+/- 0.00)
Runtime: 0.006351045767466227 minutes
RF
accuracy: 0.69 (+/- 0.15)
Runtime: 0.030401833852132163 minutes
Gradient Boosting
accuracy: 0.70 (+/- 0.13)
Runtime: 0.10200725793838501 minutes
Niave Bayes
accuracy: 0.62 (+/- 0.15)
Runtime: 0.005010926723480224 minutes
LR
MLP
accuracy: 0.72 (+/- 0.00)
Runtime: 0.10095609029134114 minutes
0.715789473684
0.736842105263
0.642105263158
0.6
0.736842105263
0.736842105263
1
2
3
KNN
accuracy: 0.69 (+/- 0.14)
Runtime: 0.005750095844268799 minutes
SVC
accuracy: 0.72 (+/- 0.00)
Runtime: 0.006536169846852621 minutes
RF
accuracy: 0.69 (+/- 0.15)
Runtime: 0.030750393867492676 minutes
Gradient Boosting
accuracy: 0.68 (+/- 0.12)
Runtime: 0.10027938683827718 minutes
Niave Bayes
accuracy: 0.67 (+/- 0.15)
Runtime: 0.005112759272257487 minutes
LR
MLP
accuracy: 0.72 (+/- 0.00)
Runtime: 0.09743795394897461 minutes
0.663157894737
0.736842105263
0.694736842105
0.663157894737
0.705263157895
0.736842105263
