perl: warning: Setting locale failed.
perl: warning: Please check that your locale settings:
	LANGUAGE = (unset),
	LC_ALL = (unset),
	LANG = "C.UTF-8"
    are supported and installed on your system.
perl: warning: Falling back to the standard locale ("C").
Requirement already satisfied: pandas==0.23.0 in /zhome/mbrad94/.local/lib/python3.6/site-packages
Requirement already satisfied: python-dateutil>=2.5.0 in /zapps/anaconda/3/4.3.1/lib/python3.6/site-packages (from pandas==0.23.0)
Requirement already satisfied: numpy>=1.9.0 in /zapps/anaconda/3/4.3.1/lib/python3.6/site-packages (from pandas==0.23.0)
Requirement already satisfied: pytz>=2011k in /zapps/anaconda/3/4.3.1/lib/python3.6/site-packages (from pandas==0.23.0)
Requirement already satisfied: six>=1.5 in /zapps/anaconda/3/4.3.1/envs/fenicsproject/lib/python3.6/site-packages (from python-dateutil>=2.5.0->pandas==0.23.0)
You are using pip version 9.0.1, however version 18.1 is available.
You should consider upgrading via the 'pip install --upgrade pip' command.
Requirement already satisfied: mkl in /zhome/mbrad94/.local/lib/python3.6/site-packages
Requirement already satisfied: intel-openmp in /zhome/mbrad94/.local/lib/python3.6/site-packages (from mkl)
You are using pip version 9.0.1, however version 18.1 is available.
You should consider upgrading via the 'pip install --upgrade pip' command.
1
2
3
KNN
accuracy: 0.67 (+/- 0.14)
Runtime: 0.0060166160265604654 minutes
SVC
accuracy: 0.72 (+/- 0.00)
Runtime: 0.006168182690938314 minutes
RF
accuracy: 0.67 (+/- 0.14)
Runtime: 0.030513298511505128 minutes
Gradient Boosting
accuracy: 0.68 (+/- 0.14)
Runtime: 0.09723129669825235 minutes
Niave Bayes
accuracy: 0.63 (+/- 0.15)
Runtime: 0.004765450954437256 minutes
LR
MLP
accuracy: 0.72 (+/- 0.00)
Runtime: 0.09343360662460327 minutes
0.705263157895
0.736842105263
0.736842105263
0.557894736842
0.757894736842
0.736842105263
1
2
3
KNN
accuracy: 0.68 (+/- 0.12)
Runtime: 0.00605532725652059 minutes
SVC
accuracy: 0.72 (+/- 0.00)
Runtime: 0.006618686517079671 minutes
RF
accuracy: 0.72 (+/- 0.13)
Runtime: 0.030506583054860432 minutes
Gradient Boosting
accuracy: 0.72 (+/- 0.14)
Runtime: 0.1020479162534078 minutes
Niave Bayes
accuracy: 0.69 (+/- 0.15)
Runtime: 0.005210757255554199 minutes
LR
MLP
accuracy: 0.72 (+/- 0.00)
Runtime: 0.09994122982025147 minutes
0.642105263158
0.736842105263
0.684210526316
0.610526315789
0.736842105263
0.736842105263
1
2
3
KNN
accuracy: 0.70 (+/- 0.12)
Runtime: 0.005615524450937907 minutes
SVC
accuracy: 0.72 (+/- 0.00)
Runtime: 0.006016401449839274 minutes
RF
accuracy: 0.71 (+/- 0.13)
Runtime: 0.03041764497756958 minutes
Gradient Boosting
accuracy: 0.72 (+/- 0.15)
Runtime: 0.09522313276926676 minutes
Niave Bayes
accuracy: 0.65 (+/- 0.14)
Runtime: 0.004702373345692953 minutes
LR
MLP
accuracy: 0.72 (+/- 0.00)
Runtime: 0.094208558400472 minutes
0.694736842105
0.736842105263
0.684210526316
0.652631578947
0.726315789474
0.736842105263
1
2
3
KNN
accuracy: 0.66 (+/- 0.16)
Runtime: 0.005473403135935465 minutes
SVC
accuracy: 0.72 (+/- 0.00)
Runtime: 0.005819876988728841 minutes
RF
accuracy: 0.69 (+/- 0.14)
Runtime: 0.029773898919423423 minutes
Gradient Boosting
accuracy: 0.69 (+/- 0.14)
Runtime: 0.09412317673365275 minutes
Niave Bayes
accuracy: 0.63 (+/- 0.19)
Runtime: 0.004901103178660075 minutes
LR
MLP
accuracy: 0.72 (+/- 0.00)
Runtime: 0.09443321625391642 minutes
0.610526315789
0.736842105263
0.715789473684
0.747368421053
0.715789473684
0.736842105263
1
2
3
KNN
accuracy: 0.63 (+/- 0.15)
Runtime: 0.005513974030812581 minutes
SVC
accuracy: 0.72 (+/- 0.00)
Runtime: 0.006312052408854167 minutes
RF
accuracy: 0.70 (+/- 0.14)
Runtime: 0.02992410659790039 minutes
Gradient Boosting
accuracy: 0.71 (+/- 0.14)
Runtime: 0.09891967376073202 minutes
Niave Bayes
accuracy: 0.60 (+/- 0.17)
Runtime: 0.005109310150146484 minutes
LR
MLP
accuracy: 0.72 (+/- 0.00)
Runtime: 0.09648892084757486 minutes
0.673684210526
0.736842105263
0.726315789474
0.589473684211
0.726315789474
0.736842105263
1
2
3
KNN
accuracy: 0.65 (+/- 0.10)
Runtime: 0.005649069945017497 minutes
SVC
accuracy: 0.72 (+/- 0.00)
Runtime: 0.0062652508417765295 minutes
RF
accuracy: 0.66 (+/- 0.13)
Runtime: 0.030731813112894694 minutes
Gradient Boosting
accuracy: 0.64 (+/- 0.12)
Runtime: 0.09562480052312215 minutes
Niave Bayes
accuracy: 0.57 (+/- 0.18)
Runtime: 0.004831087589263916 minutes
LR
MLP
accuracy: 0.72 (+/- 0.00)
Runtime: 0.0972500721613566 minutes
0.757894736842
0.736842105263
0.757894736842
0.642105263158
0.768421052632
0.736842105263
1
2
3
KNN
accuracy: 0.68 (+/- 0.12)
Runtime: 0.005559448401133219 minutes
SVC
accuracy: 0.72 (+/- 0.00)
Runtime: 0.006601421038309733 minutes
RF
accuracy: 0.70 (+/- 0.14)
Runtime: 0.03032888174057007 minutes
Gradient Boosting
accuracy: 0.71 (+/- 0.12)
Runtime: 0.09853823184967041 minutes
Niave Bayes
accuracy: 0.67 (+/- 0.16)
Runtime: 0.004845535755157471 minutes
LR
MLP
accuracy: 0.72 (+/- 0.00)
Runtime: 0.09880292415618896 minutes
0.684210526316
0.736842105263
0.736842105263
0.631578947368
0.705263157895
0.736842105263
1
2
3
KNN
accuracy: 0.69 (+/- 0.14)
Runtime: 0.005895086129506429 minutes
SVC
accuracy: 0.72 (+/- 0.00)
Runtime: 0.005692346890767416 minutes
RF
accuracy: 0.66 (+/- 0.15)
Runtime: 0.030755635102589926 minutes
Gradient Boosting
accuracy: 0.67 (+/- 0.14)
Runtime: 0.10025757948557536 minutes
Niave Bayes
accuracy: 0.65 (+/- 0.16)
Runtime: 0.004774252573649089 minutes
LR
MLP
accuracy: 0.72 (+/- 0.00)
Runtime: 0.09660008748372396 minutes
0.736842105263
0.736842105263
0.663157894737
0.642105263158
0.652631578947
0.736842105263
1
2
3
KNN
accuracy: 0.66 (+/- 0.14)
Runtime: 0.005840798219045003 minutes
SVC
accuracy: 0.72 (+/- 0.00)
Runtime: 0.006252694129943848 minutes
RF
accuracy: 0.67 (+/- 0.14)
Runtime: 0.030793376763661704 minutes
Gradient Boosting
accuracy: 0.67 (+/- 0.13)
Runtime: 0.10116871198018391 minutes
Niave Bayes
accuracy: 0.64 (+/- 0.15)
Runtime: 0.00495218833287557 minutes
LR
MLP
accuracy: 0.72 (+/- 0.00)
Runtime: 0.09721192518870035 minutes
0.673684210526
0.736842105263
0.715789473684
0.621052631579
0.705263157895
0.736842105263
1
2
3
KNN
accuracy: 0.67 (+/- 0.12)
Runtime: 0.005747854709625244 minutes
SVC
accuracy: 0.72 (+/- 0.00)
Runtime: 0.0060538808504740395 minutes
RF
accuracy: 0.67 (+/- 0.13)
Runtime: 0.030323592821757 minutes
Gradient Boosting
accuracy: 0.67 (+/- 0.13)
Runtime: 0.09816524187723795 minutes
Niave Bayes
accuracy: 0.60 (+/- 0.15)
Runtime: 0.004753287633260091 minutes
LR
MLP
accuracy: 0.72 (+/- 0.00)
Runtime: 0.0948188861211141 minutes
0.673684210526
0.736842105263
0.747368421053
0.652631578947
0.726315789474
0.736842105263
1
2
3
KNN
accuracy: 0.66 (+/- 0.14)
Runtime: 0.005743686358133952 minutes
SVC
accuracy: 0.72 (+/- 0.00)
Runtime: 0.006013031800587972 minutes
RF
accuracy: 0.67 (+/- 0.15)
Runtime: 0.030573809146881105 minutes
Gradient Boosting
accuracy: 0.68 (+/- 0.13)
Runtime: 0.0995885451634725 minutes
Niave Bayes
accuracy: 0.60 (+/- 0.16)
Runtime: 0.005006150404612223 minutes
LR
MLP
accuracy: 0.72 (+/- 0.00)
Runtime: 0.09748997688293456 minutes
0.747368421053
0.736842105263
0.715789473684
0.705263157895
0.684210526316
0.736842105263
1
2
3
KNN
accuracy: 0.68 (+/- 0.14)
Runtime: 0.005697214603424072 minutes
SVC
accuracy: 0.72 (+/- 0.00)
Runtime: 0.005811123053232828 minutes
RF
accuracy: 0.67 (+/- 0.15)
Runtime: 0.03029341697692871 minutes
Gradient Boosting
accuracy: 0.69 (+/- 0.12)
Runtime: 0.09764373699824015 minutes
Niave Bayes
accuracy: 0.62 (+/- 0.16)
Runtime: 0.004609151681264242 minutes
LR
MLP
accuracy: 0.72 (+/- 0.00)
Runtime: 0.09347439209620158 minutes
0.705263157895
0.736842105263
0.736842105263
0.621052631579
0.621052631579
0.736842105263
1
2
3
KNN
accuracy: 0.69 (+/- 0.13)
Runtime: 0.006022051970163981 minutes
SVC
accuracy: 0.72 (+/- 0.00)
Runtime: 0.006665444374084473 minutes
RF
accuracy: 0.67 (+/- 0.14)
Runtime: 0.030568710962931313 minutes
Gradient Boosting
accuracy: 0.67 (+/- 0.13)
Runtime: 0.10044058958689371 minutes
Niave Bayes
accuracy: 0.64 (+/- 0.14)
Runtime: 0.004907004038492839 minutes
LR
MLP
accuracy: 0.72 (+/- 0.00)
Runtime: 0.0957883874575297 minutes
0.705263157895
0.736842105263
0.673684210526
0.589473684211
0.684210526316
0.736842105263
1
2
3
KNN
accuracy: 0.66 (+/- 0.14)
Runtime: 0.0055127739906311035 minutes
SVC
accuracy: 0.72 (+/- 0.00)
Runtime: 0.005918033917744954 minutes
RF
accuracy: 0.65 (+/- 0.15)
Runtime: 0.030821379025777182 minutes
Gradient Boosting
accuracy: 0.66 (+/- 0.12)
Runtime: 0.0983975887298584 minutes
Niave Bayes
accuracy: 0.64 (+/- 0.14)
Runtime: 0.00510257879892985 minutes
LR
MLP
accuracy: 0.72 (+/- 0.00)
Runtime: 0.09600915114084879 minutes
0.684210526316
0.736842105263
0.715789473684
0.642105263158
0.715789473684
0.736842105263
1
2
3
KNN
accuracy: 0.69 (+/- 0.12)
Runtime: 0.0057621916135152185 minutes
SVC
accuracy: 0.72 (+/- 0.00)
Runtime: 0.006444712479909261 minutes
RF
accuracy: 0.70 (+/- 0.13)
Runtime: 0.030573527018229168 minutes
Gradient Boosting
accuracy: 0.70 (+/- 0.14)
Runtime: 0.09692163467407226 minutes
Niave Bayes
accuracy: 0.62 (+/- 0.15)
Runtime: 0.004873502254486084 minutes
LR
MLP
accuracy: 0.72 (+/- 0.00)
Runtime: 0.09503631591796875 minutes
0.578947368421
0.736842105263
0.715789473684
0.568421052632
0.673684210526
0.736842105263
1
2
3
KNN
accuracy: 0.70 (+/- 0.13)
Runtime: 0.005762473742167155 minutes
SVC
accuracy: 0.72 (+/- 0.00)
Runtime: 0.006233358383178711 minutes
RF
accuracy: 0.69 (+/- 0.13)
Runtime: 0.030765938758850097 minutes
Gradient Boosting
accuracy: 0.71 (+/- 0.13)
Runtime: 0.10720341602961223 minutes
Niave Bayes
accuracy: 0.69 (+/- 0.15)
Runtime: 0.004985133806864421 minutes
LR
MLP
accuracy: 0.72 (+/- 0.00)
Runtime: 0.10449315309524536 minutes
0.663157894737
0.736842105263
0.663157894737
0.578947368421
0.652631578947
0.736842105263
1
2
3
KNN
accuracy: 0.69 (+/- 0.13)
Runtime: 0.005406486988067627 minutes
SVC
accuracy: 0.72 (+/- 0.00)
Runtime: 0.006352372964223226 minutes
RF
accuracy: 0.67 (+/- 0.15)
Runtime: 0.029921503861745198 minutes
Gradient Boosting
accuracy: 0.66 (+/- 0.13)
Runtime: 0.09789909521738688 minutes
Niave Bayes
accuracy: 0.62 (+/- 0.15)
Runtime: 0.005203461647033692 minutes
LR
MLP
accuracy: 0.72 (+/- 0.00)
Runtime: 0.09574239651362101 minutes
0.726315789474
0.736842105263
0.705263157895
0.652631578947
0.684210526316
0.736842105263
1
2
3
KNN
accuracy: 0.70 (+/- 0.13)
Runtime: 0.005272849400838216 minutes
SVC
accuracy: 0.72 (+/- 0.00)
Runtime: 0.00633614460627238 minutes
RF
accuracy: 0.66 (+/- 0.15)
Runtime: 0.030719053745269776 minutes
Gradient Boosting
accuracy: 0.65 (+/- 0.14)
Runtime: 0.10203617016474406 minutes
Niave Bayes
accuracy: 0.60 (+/- 0.16)
Runtime: 0.004945154984792074 minutes
LR
MLP
accuracy: 0.72 (+/- 0.00)
Runtime: 0.09926748275756836 minutes
0.726315789474
0.736842105263
0.715789473684
0.652631578947
0.757894736842
0.736842105263
1
2
3
KNN
accuracy: 0.68 (+/- 0.11)
Runtime: 0.005441288153330485 minutes
SVC
accuracy: 0.72 (+/- 0.00)
Runtime: 0.006346217791239421 minutes
RF
accuracy: 0.68 (+/- 0.14)
Runtime: 0.030511160691579182 minutes
Gradient Boosting
accuracy: 0.69 (+/- 0.14)
Runtime: 0.09937749306360881 minutes
Niave Bayes
accuracy: 0.66 (+/- 0.17)
Runtime: 0.004879454771677653 minutes
LR
MLP
accuracy: 0.72 (+/- 0.00)
Runtime: 0.09606797297795613 minutes
0.705263157895
0.736842105263
0.715789473684
0.621052631579
0.684210526316
0.736842105263
1
2
3
KNN
accuracy: 0.68 (+/- 0.12)
Runtime: 0.005991931756337484 minutes
SVC
accuracy: 0.72 (+/- 0.00)
Runtime: 0.006273337205251058 minutes
RF
accuracy: 0.68 (+/- 0.14)
Runtime: 0.027045818169911702 minutes
Gradient Boosting
accuracy: 0.66 (+/- 0.14)
Runtime: 0.1005765954653422 minutes
Niave Bayes
accuracy: 0.67 (+/- 0.15)
Runtime: 0.005050921440124511 minutes
LR
MLP
accuracy: 0.72 (+/- 0.00)
Runtime: 0.09943458636601767 minutes
0.673684210526
0.736842105263
0.705263157895
0.589473684211
0.610526315789
0.736842105263
